#-----------------------------------------------------------
# Vivado v2017.4 (64-bit)
# SW Build 2086221 on Fri Dec 15 20:55:39 MST 2017
# IP Build 2085800 on Fri Dec 15 22:25:07 MST 2017
# Start of session at: Wed Sep 19 03:19:21 2018
# Process ID: 2836
# Current directory: C:/Users/user/Desktop/4-Way-set-associative-lockable-cache/Cache
# Command line: vivado.exe -gui_launcher_event rodinguilauncherevent2440 C:\Users\user\Desktop\4-Way-set-associative-lockable-cache\Cache\Cache.xpr
# Log file: C:/Users/user/Desktop/4-Way-set-associative-lockable-cache/Cache/vivado.log
# Journal file: C:/Users/user/Desktop/4-Way-set-associative-lockable-cache/Cache\vivado.jou
#-----------------------------------------------------------
start_gui
open_project C:/Users/user/Desktop/4-Way-set-associative-lockable-cache/Cache/Cache.xpr
Scanning sources...
Finished scanning sources
INFO: [IP_Flow 19-234] Refreshing IP repositories
INFO: [IP_Flow 19-1704] No user IP repositories specified
INFO: [IP_Flow 19-2313] Loaded Vivado IP repository 'C:/Xilinx/Vivado/2017.4/data/ip'.
update_compile_order -fileset sources_1
launch_simulation
INFO: [Vivado 12-5682] Launching behavioral simulation in 'C:/Users/user/Desktop/4-Way-set-associative-lockable-cache/Cache/Cache.sim/sim_1/behav/xsim'
INFO: [SIM-utils-51] Simulation object is 'sim_1'
INFO: [SIM-utils-54] Inspecting design source files for 'Cache_tb' in fileset 'sim_1'...
INFO: [USF-XSim-97] Finding global include files...
INFO: [USF-XSim-98] Fetching design files from 'sim_1'...
INFO: [USF-XSim-2] XSim::Compile design
INFO: [USF-XSim-61] Executing 'COMPILE and ANALYZE' step in 'C:/Users/user/Desktop/4-Way-set-associative-lockable-cache/Cache/Cache.sim/sim_1/behav/xsim'
"xvhdl --incr --relax -prj Cache_tb_vhdl.prj"
INFO: [USF-XSim-69] 'compile' step finished in '1' seconds
INFO: [USF-XSim-3] XSim::Elaborate design
INFO: [USF-XSim-61] Executing 'ELABORATE' step in 'C:/Users/user/Desktop/4-Way-set-associative-lockable-cache/Cache/Cache.sim/sim_1/behav/xsim'
Vivado Simulator 2017.4
Copyright 1986-1999, 2001-2016 Xilinx, Inc. All Rights Reserved.
Running: C:/Xilinx/Vivado/2017.4/bin/unwrapped/win64.o/xelab.exe -wto a1e346d3155049818977cd7442155ee7 --incr --debug typical --relax --mt 2 -L xil_defaultlib -L secureip --snapshot Cache_tb_behav xil_defaultlib.Cache_tb -log elaborate.log 
Using 2 slave threads.
Starting static elaboration
Completed static elaboration
INFO: [XSIM 43-4323] No Change in HDL. Linking previously generated obj files to create kernel
INFO: [USF-XSim-69] 'elaborate' step finished in '1' seconds
INFO: [USF-XSim-4] XSim::Simulate design
INFO: [USF-XSim-61] Executing 'SIMULATE' step in 'C:/Users/user/Desktop/4-Way-set-associative-lockable-cache/Cache/Cache.sim/sim_1/behav/xsim'
INFO: [USF-XSim-98] *** Running xsim
   with args "Cache_tb_behav -key {Behavioral:sim_1:Functional:Cache_tb} -tclbatch {Cache_tb.tcl} -view {C:/Users/user/Desktop/4-Way-set-associative-lockable-cache/Cache/Cache_tb_behav.wcfg} -log {simulate.log}"
INFO: [USF-XSim-8] Loading simulator feature
Vivado Simulator 2017.4
Time resolution is 1 ps
open_wave_config C:/Users/user/Desktop/4-Way-set-associative-lockable-cache/Cache/Cache_tb_behav.wcfg
source Cache_tb.tcl
# set curr_wave [current_wave_config]
# if { [string length $curr_wave] == 0 } {
#   if { [llength [get_objects]] > 0} {
#     add_wave /
#     set_property needs_save false [current_wave_config]
#   } else {
#      send_msg_id Add_Wave-1 WARNING "No top level signals found. Simulator will start without a wave window. If you want to open a wave window go to 'File->New Waveform Configuration' or type 'create_wave_config' in the TCL console."
#   }
# }
# run 1000ns
INFO: [USF-XSim-96] XSim completed. Design snapshot 'Cache_tb_behav' loaded.
INFO: [USF-XSim-97] XSim simulation ran for 1000ns
run 1 us
run 1 us
run 1 us
run 1 us
run 1 us
run 1 us
run 1 us
run 1 us
run 1 us
run 1 us
run 1 us
run 1 us
run 1 us
run 1 us
run 1 us
run 1 us
run 1 us
run 1 us
run 1 us
run 1 us
run 1 us
run 1 us
run 1 us
run 1 us
run 1 us
run 1 us
run 1 us
run 1 us
run 1 us
run 1 us
run 1 us
run 1 us
run 1 us
run 1 us
run 1 us
close_sim
INFO: [Simtcl 6-16] Simulation closed
exit
INFO: [Common 17-206] Exiting Vivado at Wed Sep 19 03:20:11 2018...
