#-----------------------------------------------------------
# Vivado v2017.2 (64-bit)
# SW Build 1909853 on Thu Jun 15 18:39:09 MDT 2017
# IP Build 1909766 on Thu Jun 15 19:58:00 MDT 2017
# Start of session at: Sun Oct  7 18:21:31 2018
# Process ID: 8412
# Current directory: C:/Users/Shreshth Tuli/Google Drive/Third Year/First Sem/COL719/COL719_Assignments/A2/4-Way-set-associative-lockable-cache/Cache
# Command line: vivado.exe -gui_launcher_event rodinguilauncherevent3964 C:\Users\Shreshth Tuli\Google Drive\Third Year\First Sem\COL719\COL719_Assignments\A2\4-Way-set-associative-lockable-cache\Cache\Cache.xpr
# Log file: C:/Users/Shreshth Tuli/Google Drive/Third Year/First Sem/COL719/COL719_Assignments/A2/4-Way-set-associative-lockable-cache/Cache/vivado.log
# Journal file: C:/Users/Shreshth Tuli/Google Drive/Third Year/First Sem/COL719/COL719_Assignments/A2/4-Way-set-associative-lockable-cache/Cache\vivado.jou
#-----------------------------------------------------------
start_gui
open_project {C:/Users/Shreshth Tuli/Google Drive/Third Year/First Sem/COL719/COL719_Assignments/A2/4-Way-set-associative-lockable-cache/Cache/Cache.xpr}
INFO: [ProjectBase 1-489] The host OS only allows 260 characters in a normal path. The project is stored in a path with more than 80 characters. If you experience issues with IP, Block Designs, or files not being found, please consider moving the project to a location with a shorter path. Alternately consider using the OS subst command to map part of the path to a drive letter.
Current project path is 'C:/Users/Shreshth Tuli/Google Drive/Third Year/First Sem/COL719/COL719_Assignments/A2/4-Way-set-associative-lockable-cache/Cache'
INFO: [Project 1-313] Project file moved from 'C:/Users/user/Desktop/4-Way-set-associative-lockable-cache/Cache' since last save.
Scanning sources...
Finished scanning sources
CRITICAL WARNING: [Project 1-505] Unrecognized Option Name CompiledLibDirXcelium
CRITICAL WARNING: [Project 1-505] Unrecognized Option Name ProjectType
CRITICAL WARNING: [Project 1-505] Unrecognized Option Name SimTypes
WARNING: [Project 1-231] Project 'Cache.xpr' was created with a future version and may or may not perform reliably with this version of Vivado. It has been opened in read-only mode for the protection of unrecognized data. Use 'File | Save Project As...' if you wish to alter a copy of the project.
INFO: [IP_Flow 19-234] Refreshing IP repositories
INFO: [IP_Flow 19-1704] No user IP repositories specified
INFO: [IP_Flow 19-2313] Loaded Vivado IP repository 'C:/Xilinx/Vivado/2017.2/data/ip'.
update_compile_order -fileset sources_1
exit
INFO: [Common 17-206] Exiting Vivado at Sun Oct  7 18:22:47 2018...
